 -- Wed Feb 15 22:47:37 2012 --
log/xtools/aule.lpc.c line 11 before ';': Variable guerrero not declared !
Compiling "/log/xtools/aule.lpc.c", Line 11
 -- Wed Feb 15 22:48:48 2012 --
log/xtools/aule.lpc.c line 11 before ';': Variable guerrero not declared !
Compiling "/log/xtools/aule.lpc.c", Line 11
 -- Sun Feb 26 05:01:25 2012 --
log/xtools/aule.lpc.c line 11 before ' paso marc': syntax error
Compiling "/log/xtools/aule.lpc.c", Line 11
 -- Fri Mar 02 11:09:10 2012 --
log/xtools/aule.lpc.c line 11 before ');': syntax error
Compiling "/log/xtools/aule.lpc.c", Line 11
 -- Fri Mar 02 11:17:04 2012 --
log/xtools/aule.lpc.c line 4 before '}': Variable galadhil not declared !
Compiling "/log/xtools/aule.lpc.c", Line 4
log/xtools/aule.lpc.c line 4 before end of line: syntax error
Compiling "/log/xtools/aule.lpc.c", Line 4
log/xtools/aule.lpc.c line 4 before '}': Variable galadhil not declared !
Compiling "/log/xtools/aule.lpc.c", Line 4
log/xtools/aule.lpc.c line 4 before end of line: syntax error
Compiling "/log/xtools/aule.lpc.c", Line 4
 -- Fri Mar 02 11:18:14 2012 --
log/xtools/aule.lpc.c line 4 before end of line: syntax error
Compiling "/log/xtools/aule.lpc.c", Line 4
log/xtools/aule.lpc.c line 4 before end of line: syntax error
Compiling "/log/xtools/aule.lpc.c", Line 4
 -- Fri Mar 02 11:19:18 2012 --
log/xtools/aule.lpc.c line 4 before '}': Variable TP_galadhil not declared !
Compiling "/log/xtools/aule.lpc.c", Line 4
log/xtools/aule.lpc.c line 4 before end of line: syntax error
Compiling "/log/xtools/aule.lpc.c", Line 4
 -- Sun Mar 24 10:13:15 2013 --
log/xtools/aule.lpc.c line 4 before end of line: syntax error
Compiling "/log/xtools/aule.lpc.c", Line 4
log/xtools/aule.lpc.c line 4 before end of line: syntax error
Compiling "/log/xtools/aule.lpc.c", Line 4
 -- Sun Mar 24 10:15:43 2013 --
log/xtools/aule.lpc.c line 4 before end of line: syntax error
Compiling "/log/xtools/aule.lpc.c", Line 4
 -- Sun Mar 24 10:16:59 2013 --
log/xtools/aule.lpc.c line 4 before end of line: syntax error
Compiling "/log/xtools/aule.lpc.c", Line 4
log/xtools/aule.lpc.c line 4 near end of line: Newline in string
Compiling "/log/xtools/aule.lpc.c", Line 4
log/xtools/aule.lpc.c line 5 before end of line: syntax error
Compiling "/log/xtools/aule.lpc.c", Line 5
 -- Thu Mar 28 13:16:15 2013 --
log/xtools/aule.lpc.c line 4 before end of line: syntax error
Compiling "/log/xtools/aule.lpc.c", Line 4
log/xtools/aule.lpc.c line 4 before end of line: syntax error
Compiling "/log/xtools/aule.lpc.c", Line 4
 -- Wed Apr 03 13:27:46 2013 --
log/xtools/aule.lpc.c line 4 before end of line: syntax error
Compiling "/log/xtools/aule.lpc.c", Line 4
 -- Wed Apr 03 13:39:32 2013 --
log/xtools/aule.lpc.c line 4 before end of line: syntax error
Compiling "/log/xtools/aule.lpc.c", Line 4
 -- Wed Apr 03 13:46:33 2013 --
log/xtools/aule.lpc.c line 4 before end of line: syntax error
Compiling "/log/xtools/aule.lpc.c", Line 4
