/buh Fri Mar 19 17:58:15 2010: RESET 0
/buh Fri Mar 19 19:03:24 2010: RESET 0
/buh Sat Mar 20 19:47:31 2010: RESET 0
/buh Sat Mar 20 20:39:50 2010: RESET 0
/buh Sat Mar 20 21:11:23 2010: RESET 0
/buh Sat Mar 20 21:20:39 2010: RESET 0
/buh Sat Mar 20 22:42:48 2010: RESET 0
/buh Sat Mar 20 23:27:47 2010: RESET 0
/buh Sun Mar 21 10:12:32 2010: RESET 0
/buh Sun Mar 21 10:54:29 2010: RESET 0
/buh Sun Mar 21 10:55:19 2010: RESET 0
/buh Sun Mar 21 11:11:53 2010: RESET 0
/buh Sun Mar 21 11:16:25 2010: RESET 0
/buh Sun Mar 21 11:34:25 2010: RESET 0
/buh Sun Mar 21 11:59:32 2010: RESET 0
/buh Sun Mar 21 12:18:13 2010: RESET 0
/buh Sun Mar 21 12:47:51 2010: RESET 0
/buh Sun Mar 21 13:08:36 2010: RESET 0
/buh Sun Mar 21 13:09:10 2010: RESET 0
/buh Sun Mar 21 13:28:32 2010: RESET 0
/buh Sun Mar 21 13:30:45 2010: RESET 0
/buh Sun Mar 21 13:36:50 2010: RESET 0
/buh Sun Mar 21 17:03:36 2010: RESET 0
/buh Sun Mar 21 17:08:59 2010: RESET 0
/buh Sun Mar 21 17:13:23 2010: RESET 0
/buh Sun Mar 21 17:50:57 2010: RESET 0
/buh Sun Mar 21 17:56:31 2010: RESET 0
/buh Mon Mar 22 21:49:01 2010: RESET 0
/buh Mon Mar 22 21:50:10 2010: RESET 0
/buh Mon Mar 22 21:52:51 2010: RESET 0
/buh Mon Mar 22 22:20:49 2010: RESET 0
/buh Mon Mar 22 22:21:27 2010: RESET 0
/buh Tue Mar 23 07:47:06 2010: RESET 0
/buh Tue Mar 23 07:48:31 2010: RESET 0
/buh Tue Mar 23 08:02:31 2010: RESET 0
/buh Tue Mar 23 08:25:10 2010: RESET 0
/buh Thu Mar 25 22:31:42 2010: RESET 0
/buh Thu Mar 25 22:36:51 2010: RESET 0
/buh Thu Mar 25 22:54:59 2010: RESET 0
/buh Thu Mar 25 23:00:13 2010: RESET 0
/buh Mon Mar 29 07:39:17 2010: RESET 0
/buh Mon Mar 29 08:17:47 2010: RESET 0
/buh Tue Mar 30 07:35:38 2010: RESET 0
/buh Tue Mar 30 08:15:24 2010: RESET 0
/buh Wed Mar 31 08:01:01 2010: RESET 0
/buh Wed Mar 31 08:29:07 2010: RESET 0
/buh Thu Apr 01 08:03:28 2010: RESET 0
/buh Thu Apr 01 08:15:57 2010: RESET 0
/buh Fri Apr 02 05:07:33 2010: RESET 0
/buh Fri Apr 02 07:52:11 2010: RESET 0
/buh Sat Apr 03 06:23:34 2010: RESET 0
/buh Sat Apr 03 06:46:01 2010: RESET 0
/buh Sat Apr 03 19:31:50 2010: RESET 0
/buh Sat Apr 03 20:12:55 2010: RESET 0
/buh Sat Apr 03 21:14:22 2010: RESET 0
/buh Sat Apr 03 21:15:57 2010: RESET 0
/buh Sun Apr 04 06:23:43 2010: RESET 0
/buh Sun Apr 04 06:49:56 2010: RESET 0
/buh Tue Apr 06 07:55:28 2010: RESET 0
/buh Tue Apr 06 08:19:50 2010: RESET 0
/buh Wed Apr 07 07:58:26 2010: RESET 0
/buh Wed Apr 07 08:00:04 2010: RESET 0
/buh Wed Apr 07 08:00:18 2010: RESET 0
/buh Wed Apr 07 08:25:42 2010: RESET 0
/buh Thu Apr 08 07:48:49 2010: RESET 0
/buh Thu Apr 08 07:51:30 2010: RESET 0
/buh Thu Apr 08 07:51:40 2010: RESET 0
/buh Thu Apr 08 08:07:30 2010: RESET 0
/buh Fri Apr 09 21:11:57 2010: RESET 0
/buh Fri Apr 09 21:15:15 2010: RESET 0
/buh Sun Apr 11 16:59:12 2010: RESET 0
/buh Sun Apr 11 17:10:04 2010: RESET 0
/buh Sun Apr 11 18:15:23 2010: RESET 0
/buh Sun Apr 11 18:19:45 2010: RESET 0
/buh Sat Apr 17 16:51:34 2010: RESET 0
/buh Sat Apr 17 17:00:29 2010: RESET 0
/buh Sat Apr 17 17:13:27 2010: RESET 0
/buh Sat Apr 17 17:13:45 2010: RESET 0
/buh Sat Apr 17 17:13:55 2010: RESET 0
/buh Sat Apr 17 17:17:37 2010: RESET 0
/buh Sat Apr 17 17:18:19 2010: RESET 0
/buh Sun Apr 18 13:10:00 2010: RESET 0
/buh Sun Apr 18 13:41:18 2010: RESET 0
/buh Mon Apr 19 15:00:22 2010: RESET 0
/buh Mon Apr 19 15:07:36 2010: RESET 0
/buh Mon Apr 19 20:34:53 2010: RESET 0
/buh Mon Apr 19 20:58:03 2010: RESET 0
/buh Thu Apr 22 08:13:31 2010: RESET 0
/buh Thu Apr 22 08:18:00 2010: RESET 0
/buh Sun May 16 10:00:18 2010: RESET 0
/buh Sun May 16 10:05:17 2010: RESET 0
/buh Sun May 16 18:57:08 2010: RESET 0
/buh Sun May 16 19:26:17 2010: RESET 0
/buh Sun May 16 19:27:09 2010: RESET 0
/buh Sun May 16 19:56:37 2010: RESET 0
/buh Mon May 17 06:29:36 2010: RESET 0
/buh Mon May 17 06:56:33 2010: RESET 0
/buh Tue May 18 08:58:49 2010: RESET 0
/buh Tue May 18 10:02:23 2010: RESET 0
/buh Thu May 20 05:32:44 2010: RESET 0
/buh Thu May 20 06:06:00 2010: RESET 0
/buh Sun May 30 17:42:07 2010: RESET 0
/buh Sun May 30 18:03:38 2010: RESET 0
/buh Wed Jun 30 15:02:01 2010: RESET 0
/buh Wed Jun 30 15:08:35 2010: RESET 0
/buh Fri Jul 02 07:42:56 2010: RESET 0
/buh Fri Jul 02 08:35:05 2010: RESET 0
/buh Tue Jul 13 15:06:19 2010: RESET 0
/buh Tue Jul 13 15:16:08 2010: RESET 0
/buh Sun Sep 05 19:26:48 2010: RESET 0
/buh Sun Sep 05 19:59:30 2010: RESET 0
/buh Sun Sep 05 20:21:40 2010: RESET 0
/buh Sun Sep 05 20:36:07 2010: RESET 0
/buh Sun Sep 05 20:44:40 2010: RESET 0
/buh Sun Sep 05 20:52:58 2010: RESET 0
/orome Thu Nov 01 13:05:22 2012: RESET 0
/orome Thu Nov 01 13:50:30 2012: RESET 0
/orome Thu Nov 01 16:00:55 2012: RESET 0
/orome Thu Nov 01 16:03:34 2012: RESET 0
/orome Thu Nov 01 18:44:55 2012: RESET 0
/orome Thu Nov 01 18:54:46 2012: RESET 0
/orome Thu Nov 01 19:43:18 2012: RESET 0
/orome Thu Nov 01 19:48:45 2012: RESET 0
/orome Sat Nov 03 17:39:03 2012: RESET 0
/orome Sat Nov 03 18:28:23 2012: RESET 0
/orome Sat Nov 03 18:52:10 2012: RESET 0
/orome Sat Nov 10 16:13:04 2012: RESET 0
/orome Sat Nov 10 16:46:07 2012: RESET 0
/orome Thu Apr 04 15:40:19 2013: RESET 0
0 Thu Apr 04 16:40:21 2013: RESET 0
/orome Thu Apr 04 20:34:00 2013: RESET 0
/orome Thu Apr 04 20:39:18 2013: RESET 0
/orome Thu Apr 04 20:40:06 2013: RESET 0
/orome Fri Apr 05 17:07:58 2013: RESET 0
/orome Fri Apr 05 17:48:39 2013: RESET 0
/orome Fri Apr 05 18:44:49 2013: RESET 0
/orome Fri Apr 05 19:37:37 2013: RESET 0
/orome Fri Apr 05 20:30:00 2013: RESET 0
/orome Fri Apr 05 20:48:20 2013: RESET 0
/orome Fri Apr 05 21:44:13 2013: RESET 0
/orome Fri Apr 05 22:26:20 2013: RESET 0
/orome Sat Apr 06 07:33:56 2013: RESET 0
/orome Sat Apr 06 08:49:57 2013: RESET 0
/orome Sun Apr 07 20:04:16 2013: RESET 0
/orome Sun Apr 07 20:13:14 2013: RESET 0
/orome Tue Apr 09 16:05:12 2013: RESET 0
/orome Thu Apr 11 08:44:54 2013: RESET 0
/orome Thu Apr 11 09:50:22 2013: RESET 0
/orome Thu Apr 11 09:50:32 2013: RESET 0
/orome Thu Apr 11 09:51:34 2013: RESET 0
/orome Thu Apr 11 09:51:42 2013: RESET 0
/orome Thu Apr 11 09:52:12 2013: RESET 0
/orome Tue Apr 23 16:24:15 2013: RESET 0
/orome Tue Apr 23 16:26:22 2013: RESET 0
/orome Sat Apr 27 18:07:33 2013: RESET 0
/orome Tue Jul 15 05:19:20 2014: RESET 0
/orome Tue Jul 15 05:43:36 2014: RESET 0
/orome Fri Jul 18 04:28:45 2014: RESET 0
/orome Fri Jul 18 05:18:35 2014: RESET 0
/orome Fri Jul 18 05:19:14 2014: RESET 0
/orome Fri Jul 18 05:43:03 2014: RESET 0
/orome Sat Jul 19 21:57:11 2014: RESET 0
/orome Sat Jul 19 22:37:00 2014: RESET 0
/orome Sat Jul 19 23:08:43 2014: RESET 0
/orome Sat Jul 19 23:19:26 2014: RESET 0
/orome Sun Jul 20 03:25:38 2014: RESET 0
/orome Sun Jul 20 05:22:23 2014: RESET 0
/orome Sun Jul 20 12:55:34 2014: RESET 0
/orome Sun Jul 20 12:59:47 2014: RESET 0
/orome Sun Jul 20 21:52:45 2014: RESET 0
/orome Sun Jul 20 22:34:55 2014: RESET 0
/orome Sun Jul 20 22:41:49 2014: RESET 0
/orome Sun Jul 20 22:50:15 2014: RESET 0
/orome Sun Jul 20 22:58:11 2014: RESET 0
/orome Sun Jul 20 23:00:33 2014: RESET 0
/orome Sun Jul 20 23:33:17 2014: RESET 0
/orome Sun Jul 20 23:38:09 2014: RESET 0
/orome Mon Jul 21 05:42:14 2014: RESET 0
/orome Mon Jul 21 06:16:26 2014: RESET 0
/orome Tue Jul 22 04:37:54 2014: RESET 0
/orome Tue Jul 22 05:48:03 2014: RESET 0
/orome Tue Jul 22 05:49:20 2014: RESET 0
/orome Tue Jul 22 06:21:53 2014: RESET 0
/orome Wed Jul 23 07:56:43 2014: RESET 0
/orome Wed Jul 23 08:24:50 2014: RESET 0
/orome Wed Jul 23 14:44:27 2014: RESET 0
/orome Wed Jul 23 15:09:04 2014: RESET 0
/orome Fri Jul 25 04:16:53 2014: RESET 0
/orome Fri Jul 25 06:17:57 2014: RESET 0
/orome Sat Jul 26 07:40:47 2014: RESET 0
/orome Sat Jul 26 08:28:31 2014: RESET 0
/orome Sat Jul 26 18:52:06 2014: RESET 0
/orome Sat Jul 26 19:23:07 2014: RESET 0
/orome Sat Jul 26 19:23:32 2014: RESET 0
/orome Sat Jul 26 20:12:17 2014: RESET 0
/orome Sun Jul 27 06:35:32 2014: RESET 0
/orome Sun Jul 27 09:18:15 2014: RESET 0
/orome Sun Jul 27 13:11:40 2014: RESET 0
/orome Sun Jul 27 13:57:08 2014: RESET 0
/orome Mon Jul 28 05:11:52 2014: RESET 0
/orome Mon Jul 28 06:06:37 2014: RESET 0
/orome Mon Jul 28 07:56:58 2014: RESET 0
/orome Mon Jul 28 08:29:24 2014: RESET 0
/orome Mon Jul 28 15:44:30 2014: RESET 0
/orome Mon Jul 28 16:40:30 2014: RESET 0
/orome Tue Jul 29 16:09:02 2014: RESET 0
/orome Tue Jul 29 16:26:14 2014: RESET 0
/orome Tue Jul 29 16:29:18 2014: RESET 0
/orome Wed Jul 30 14:16:59 2014: RESET 0
/orome Wed Jul 30 14:31:41 2014: RESET 0
/orome Wed Jul 30 15:32:42 2014: RESET 0
/orome Wed Jul 30 15:44:32 2014: RESET 0
/orome Wed Jul 30 15:49:12 2014: RESET 0
/orome Wed Jul 30 15:57:59 2014: RESET 0
/orome Wed Jul 30 16:54:50 2014: RESET 0
/orome Fri Aug 01 14:24:16 2014: RESET 0
/orome Fri Aug 01 14:42:41 2014: RESET 0
/orome Sat Aug 02 06:53:44 2014: RESET 0
/orome Sat Aug 02 07:35:52 2014: RESET 0
/orome Sat Aug 02 07:37:42 2014: RESET 0
/orome Sat Aug 02 08:04:52 2014: RESET 0
/orome Sat Aug 02 08:05:44 2014: RESET 0
/orome Sat Aug 02 08:17:44 2014: RESET 0
/orome Sat Aug 02 08:20:08 2014: RESET 0
/orome Sat Aug 02 08:24:56 2014: RESET 0
/orome Sat Aug 02 14:43:26 2014: RESET 0
/orome Sat Aug 02 15:47:43 2014: RESET 0
/orome Sat Aug 02 15:49:09 2014: RESET 0
/orome Sat Aug 02 15:52:41 2014: RESET 0
/orome Sun Aug 03 07:09:50 2014: RESET 0
/orome Sun Aug 03 08:17:27 2014: RESET 0
/orome Sun Aug 03 08:18:16 2014: RESET 0
/orome Sun Aug 03 08:35:38 2014: RESET 0
/orome Sun Aug 03 08:36:09 2014: RESET 0
/orome Sun Aug 03 08:38:27 2014: RESET 0
/orome Sun Aug 03 08:39:40 2014: RESET 0
/orome Sun Aug 03 09:09:46 2014: RESET 0
/orome Sun Aug 03 09:10:29 2014: RESET 0
/orome Sun Aug 03 09:19:58 2014: RESET 0
/orome Sun Aug 03 10:15:37 2014: RESET 0
/orome Sun Aug 03 10:22:50 2014: RESET 0
/orome Sun Aug 03 14:08:05 2014: RESET 0
/orome Sun Aug 03 14:09:04 2014: RESET 0
/orome Mon Aug 04 07:33:17 2014: RESET 0
/orome Mon Aug 04 08:12:10 2014: RESET 0
/orome Mon Aug 04 16:01:25 2014: RESET 0
/orome Mon Aug 04 16:37:15 2014: RESET 0
/orome Mon Aug 04 16:42:02 2014: RESET 0
/orome Mon Aug 04 16:42:12 2014: RESET 0
/orome Mon Aug 04 16:43:26 2014: RESET 0
/orome Mon Aug 04 16:44:16 2014: RESET 0
/orome Tue Aug 05 07:30:38 2014: RESET 0
/orome Tue Aug 05 07:32:26 2014: RESET 0
/orome Tue Aug 05 07:36:19 2014: RESET 0
/orome Tue Aug 05 07:46:25 2014: RESET 0
/orome Tue Aug 05 07:47:33 2014: RESET 0
/orome Tue Aug 05 07:49:59 2014: RESET 0
/orome Tue Aug 05 07:50:37 2014: RESET 0
/orome Tue Aug 05 08:13:10 2014: RESET 0
/orome Tue Aug 05 08:13:46 2014: RESET 0
/orome Tue Aug 05 15:35:32 2014: RESET 0
/orome Tue Aug 05 15:42:50 2014: RESET 0
/orome Tue Aug 05 16:03:38 2014: RESET 0
/orome Tue Aug 05 16:03:54 2014: RESET 0
/orome Tue Aug 05 16:31:49 2014: RESET 0
/orome Tue Aug 05 16:33:01 2014: RESET 0
/orome Wed Aug 06 16:45:02 2014: RESET 0
/orome Wed Aug 06 16:45:51 2014: RESET 0
/orome Fri Aug 08 14:08:01 2014: RESET 0
/orome Fri Aug 08 14:11:29 2014: RESET 0
/orome Fri Aug 08 14:11:56 2014: RESET 0
/orome Fri Aug 08 14:37:30 2014: RESET 0
/orome Fri Aug 08 16:46:02 2014: RESET 0
/orome Fri Aug 08 16:46:21 2014: RESET 0
/orome Sat Aug 09 15:05:55 2014: RESET 0
/orome Sat Aug 09 15:39:57 2014: RESET 0
/orome Sat Aug 09 21:20:23 2014: RESET 0
/orome Sat Aug 09 21:21:56 2014: RESET 0
/orome Sun Aug 10 07:23:11 2014: RESET 0
/orome Sun Aug 10 14:43:19 2014: RESET 0
/orome Sun Aug 10 14:43:57 2014: RESET 0
/orome Sun Aug 10 14:44:23 2014: RESET 0
/goyum Sun Aug 10 14:52:29 2014: RESET 0
/goyum Sun Aug 10 14:54:03 2014: RESET 0
/orome Sun Aug 10 14:54:07 2014: RESET 0
/orome Sat Aug 16 20:36:02 2014: RESET 0
/orome Sat Aug 16 20:41:00 2014: RESET 0
/orome Sat Aug 16 20:41:34 2014: RESET 0
/goyum Sat Aug 16 20:42:48 2014: RESET 0
/goyum Sat Aug 16 20:43:20 2014: RESET 0
/orome Sun Aug 17 14:34:33 2014: RESET 0
/orome Sun Aug 17 15:23:48 2014: RESET 0
/orome Sun Aug 17 16:47:24 2014: RESET 0
/orome Sun Aug 17 18:01:21 2014: RESET 0
/orome Sun Aug 17 18:02:18 2014: RESET 0
/orome Sun Aug 17 18:24:32 2014: RESET 0
/orome Tue Aug 19 16:04:46 2014: RESET 0
/orome Tue Aug 19 17:08:21 2014: RESET 0
/orome Wed Aug 20 15:50:52 2014: RESET 0
/orome Wed Aug 20 15:53:37 2014: RESET 0
/orome Sun Aug 24 17:24:14 2014: RESET 0
/orome Sun Aug 24 17:27:55 2014: RESET 0
/orome Mon Aug 25 04:43:29 2014: RESET 0
/orome Mon Aug 25 06:06:39 2014: RESET 0
/orome Mon Aug 25 06:11:53 2014: RESET 0
/orome Tue Aug 26 08:03:36 2014: RESET 0
/orome Tue Aug 26 08:10:59 2014: RESET 0
/orome Wed Aug 27 07:58:10 2014: RESET 0
/orome Wed Aug 27 08:08:53 2014: RESET 0
/orome Sat Aug 30 21:00:07 2014: RESET 0
/orome Sat Aug 30 21:02:33 2014: RESET 0
/orome Sat Aug 30 21:09:03 2014: RESET 0
/orome Sun Aug 31 08:35:20 2014: RESET 0
/orome Sun Aug 31 08:42:07 2014: RESET 0
/orome Sun Aug 31 08:44:10 2014: RESET 0
/orome Sun Aug 31 08:53:17 2014: RESET 0
/orome Sun Aug 31 20:29:37 2014: RESET 0
/orome Sun Aug 31 20:38:59 2014: RESET 0
/orome Sun Aug 31 20:42:44 2014: RESET 0
/orome Sun Aug 31 20:47:46 2014: RESET 0
/orome Sun Aug 31 20:53:09 2014: RESET 0
/orome Sun Aug 31 20:55:23 2014: RESET 0
/orome Mon Sep 01 05:56:21 2014: RESET 0
/orome Mon Sep 01 06:54:55 2014: RESET 0
/orome Fri Sep 05 05:38:07 2014: RESET 0
/orome Fri Sep 05 06:03:28 2014: RESET 0
/orome Fri Sep 05 06:05:06 2014: RESET 0
/orome Fri Sep 05 06:15:47 2014: RESET 0
/orome Fri Sep 05 06:16:14 2014: RESET 0
/orome Fri Sep 05 06:18:20 2014: RESET 0
/orome Fri Sep 05 06:21:44 2014: RESET 0
/orome Fri Sep 05 06:24:20 2014: RESET 0
/orome Fri Sep 05 13:19:55 2014: RESET 0
/orome Fri Sep 05 13:26:35 2014: RESET 0
/orome Fri Sep 05 13:27:08 2014: RESET 0
/orome Fri Sep 05 13:27:58 2014: RESET 0
/orome Fri Sep 05 13:29:07 2014: RESET 0
/orome Fri Sep 05 13:30:31 2014: RESET 0
/orome Sat Sep 06 07:30:25 2014: RESET 0
/orome Sat Sep 06 08:09:08 2014: RESET 0
/orome Sat Sep 06 16:57:19 2014: RESET 0
/orome Sat Sep 06 18:27:28 2014: RESET 0
/orome Sun Sep 07 07:14:17 2014: RESET 0
/orome Sun Sep 07 17:13:41 2014: RESET 0
/orome Sun Sep 07 18:18:19 2014: RESET 0
/orome Sun Sep 07 18:32:49 2014: RESET 0
/orome Sun Sep 07 19:43:13 2014: RESET 0
/orome Mon Sep 08 07:01:22 2014: RESET 0
/orome Mon Sep 08 07:26:31 2014: RESET 0
/orome Mon Sep 08 13:05:38 2014: RESET 0
/orome Mon Sep 08 13:11:44 2014: RESET 0
/orome Tue Sep 09 05:20:43 2014: RESET 0
/orome Tue Sep 09 06:45:24 2014: RESET 0
/orome Tue Sep 09 06:54:53 2014: RESET 0
/orome Tue Sep 09 07:16:26 2014: RESET 0
/orome Tue Sep 09 12:58:44 2014: RESET 0
/orome Tue Sep 09 13:14:03 2014: RESET 0
/orome Tue Sep 09 15:29:24 2014: RESET 0
/orome Tue Sep 09 15:41:20 2014: RESET 0
/orome Tue Sep 09 15:41:50 2014: RESET 0
/orome Tue Sep 09 17:20:01 2014: RESET 0
/orome Tue Sep 09 17:20:47 2014: RESET 0
/orome Tue Sep 09 18:03:34 2014: RESET 0
/orome Tue Sep 09 18:07:30 2014: RESET 0
/orome Tue Sep 09 18:23:33 2014: RESET 0
/orome Tue Sep 09 18:24:12 2014: RESET 0
/orome Tue Sep 09 18:27:53 2014: RESET 0
/orome Tue Sep 09 18:31:14 2014: RESET 0
/orome Tue Sep 09 18:35:40 2014: RESET 0
/orome Wed Sep 10 07:12:33 2014: RESET 0
/orome Wed Sep 10 07:18:13 2014: RESET 0
/orome Wed Sep 10 13:11:29 2014: RESET 0
/orome Wed Sep 10 13:45:03 2014: RESET 0
/orome Wed Sep 10 16:22:20 2014: RESET 0
/orome Wed Sep 10 16:52:26 2014: RESET 0
/orome Wed Sep 10 17:16:53 2014: RESET 0
/orome Wed Sep 10 17:31:30 2014: RESET 0
/orome Thu Sep 11 18:29:26 2014: RESET 0
/orome Thu Sep 11 18:31:33 2014: RESET 0
/orome Thu Sep 11 18:32:05 2014: RESET 0
/orome Thu Sep 11 18:45:12 2014: RESET 0
/orome Thu Sep 11 19:16:08 2014: RESET 0
/orome Thu Sep 11 19:40:57 2014: RESET 0
/orome Thu Sep 11 19:44:14 2014: RESET 0
/orome Fri Sep 12 19:52:27 2014: RESET 0
/orome Fri Sep 12 19:57:33 2014: RESET 0
/orome Sat Sep 13 08:18:50 2014: RESET 0
/orome Sat Sep 13 08:35:21 2014: RESET 0
/orome Sun Sep 14 12:05:40 2014: RESET 0
/orome Sun Sep 14 12:39:51 2014: RESET 0
/orome Sun Sep 14 12:57:15 2014: RESET 0
/orome Sun Sep 14 13:09:01 2014: RESET 0
/orome Sun Sep 14 17:09:50 2014: RESET 0
/orome Sun Sep 14 17:26:27 2014: RESET 0
/orome Sun Sep 14 17:48:00 2014: RESET 0
/orome Sun Sep 14 17:53:51 2014: RESET 0
/orome Sun Sep 14 18:23:25 2014: RESET 0
/orome Sun Sep 14 18:23:57 2014: RESET 0
/orome Mon Sep 15 10:20:26 2014: RESET 0
/orome Mon Sep 15 10:33:30 2014: RESET 0
/orome Mon Sep 15 11:49:58 2014: RESET 0
/orome Mon Sep 15 12:00:57 2014: RESET 0
/orome Mon Sep 15 12:23:12 2014: RESET 0
/orome Mon Sep 15 12:27:04 2014: RESET 0
/orome Sun Sep 21 08:56:23 2014: RESET 0
/orome Sun Sep 21 10:01:45 2014: RESET 0
/orome Sun Sep 21 10:02:52 2014: RESET 0
/orome Sun Sep 21 10:05:38 2014: RESET 0
/orome Sun Sep 21 10:06:09 2014: RESET 0
/orome Sun Sep 21 10:18:13 2014: RESET 0
/orome Sun Sep 21 10:18:51 2014: RESET 0
/orome Sun Sep 21 10:20:51 2014: RESET 0
/orome Sun Sep 21 10:23:30 2014: RESET 0
/orome Sun Sep 21 11:08:20 2014: RESET 0
/orome Sun Sep 21 11:09:18 2014: RESET 0
/orome Sun Sep 21 11:25:18 2014: RESET 0
/orome Sun Sep 28 16:10:18 2014: RESET 0
/orome Sun Sep 28 17:10:43 2014: RESET 0
/orome Sun Sep 28 19:54:21 2014: RESET 0
/orome Sun Sep 28 20:07:47 2014: RESET 0
/orome Sun Sep 28 20:08:21 2014: RESET 0
/orome Tue Oct 07 16:11:08 2014: RESET 0
/orome Tue Oct 07 16:11:20 2014: RESET 0
/orome Tue Oct 07 16:20:45 2014: RESET 0
/orome Tue Oct 07 16:21:05 2014: RESET 0
/orome Tue Oct 07 16:25:11 2014: RESET 0
/orome Tue Oct 07 16:25:51 2014: RESET 0
/orome Thu Oct 09 08:23:48 2014: RESET 0
/orome Thu Oct 09 09:09:35 2014: RESET 0
/orome Thu Oct 09 09:33:02 2014: RESET 0
/orome Thu Oct 09 10:44:48 2014: RESET 0
/orome Thu Oct 09 11:38:14 2014: RESET 0
/orome Thu Oct 09 13:57:58 2014: RESET 0
/orome Thu Oct 09 14:35:06 2014: RESET 0
/orome Thu Oct 09 14:44:39 2014: RESET 0
/orome Thu Oct 09 15:21:13 2014: RESET 0
/orome Thu Oct 09 16:01:21 2014: RESET 0
/orome Thu Oct 09 16:03:07 2014: RESET 0
/orome Thu Oct 09 16:06:51 2014: RESET 0
/orome Thu Oct 09 16:08:15 2014: RESET 0
/orome Thu Oct 09 19:42:24 2014: RESET 0
/orome Thu Oct 09 20:24:44 2014: RESET 0
/orome Thu Oct 09 20:25:39 2014: RESET 0
/orome Thu Oct 09 20:27:41 2014: RESET 0
/orome Fri Oct 10 15:57:31 2014: RESET 0
/orome Fri Oct 10 15:58:22 2014: RESET 0
/orome Sat Oct 11 16:25:24 2014: RESET 0
/orome Sat Oct 11 16:27:37 2014: RESET 0
/orome Sat Oct 11 16:39:04 2014: RESET 0
/orome Sat Oct 11 16:40:28 2014: RESET 0
/orome Sat Oct 11 16:56:03 2014: RESET 0
/orome Sat Oct 11 16:57:51 2014: RESET 0
/orome Sat Oct 11 17:24:18 2014: RESET 0
/orome Sat Oct 11 17:32:07 2014: RESET 0
/orome Sat Oct 11 18:04:21 2014: RESET 0
/orome Sat Oct 11 18:05:15 2014: RESET 0
/orome Sat Oct 11 18:12:30 2014: RESET 0
/orome Sat Oct 11 18:13:16 2014: RESET 0
/orome Sat Oct 11 18:23:57 2014: RESET 0
/orome Sat Oct 11 18:24:57 2014: RESET 0
/orome Sat Oct 11 18:27:48 2014: RESET 0
/orome Sat Oct 11 18:34:14 2014: RESET 0
/orome Sat Oct 11 19:16:27 2014: RESET 0
/orome Sat Oct 11 19:17:29 2014: RESET 0
/orome Sat Oct 11 19:20:46 2014: RESET 0
/orome Sat Oct 11 19:25:32 2014: RESET 0
/orome Sat Oct 11 19:35:55 2014: RESET 0
/orome Sat Oct 11 19:41:45 2014: RESET 0
/orome Sat Oct 11 19:43:22 2014: RESET 0
/orome Sat Oct 11 19:46:41 2014: RESET 0
/orome Sat Oct 11 20:12:48 2014: RESET 0
/orome Sat Oct 11 20:16:22 2014: RESET 0
/orome Sat Oct 11 20:20:09 2014: RESET 0
/orome Sat Oct 11 20:21:09 2014: RESET 0
/orome Sat Oct 11 20:24:27 2014: RESET 0
/orome Sat Oct 11 20:31:17 2014: RESET 0
/orome Sun Oct 12 09:05:37 2014: RESET 0
/orome Sun Oct 12 09:07:00 2014: RESET 0
/orome Mon Oct 13 15:30:10 2014: RESET 0
/orome Mon Oct 13 16:22:31 2014: RESET 0
/orome Mon Oct 13 16:23:33 2014: RESET 0
/orome Thu Oct 16 15:42:06 2014: RESET 0
/orome Thu Oct 16 16:24:13 2014: RESET 0
/orome Sat Oct 18 16:45:55 2014: RESET 0
/orome Sat Oct 18 18:05:26 2014: RESET 0
/orome Sat Oct 18 23:29:41 2014: RESET 0
/orome Sat Oct 18 23:36:41 2014: RESET 0
/orome Sat Oct 18 23:44:22 2014: RESET 0
/orome Sat Oct 18 23:47:40 2014: RESET 0
/orome Sun Oct 19 00:18:18 2014: RESET 0
/orome Sun Oct 19 00:24:23 2014: RESET 0
/orome Sun Oct 19 01:46:39 2014: RESET 0
/orome Sun Oct 19 01:47:29 2014: RESET 0
/orome Sun Oct 19 02:30:31 2014: RESET 0
/orome Sun Oct 19 02:37:06 2014: RESET 0
/orome Sun Oct 19 03:01:03 2014: RESET 0
/orome Sun Oct 19 03:02:46 2014: RESET 0
/orome Sun Oct 19 03:05:37 2014: RESET 0
/orome Sun Oct 19 03:06:47 2014: RESET 0
