100.09.24 11:02 B C:\Mud\simauria\cambiar\cloaca\cloaca.map <-- silvia /d/kha-annu/comun/habitacion/kha-annu/castillo/cloaca cloaca.map
100.09.24 11:02 B C:\Mud\simauria\cambiar\cloaca\cloaca1.c <-- silvia /d/kha-annu/comun/habitacion/kha-annu/castillo/cloaca cloaca1.c
100.09.24 11:02 B C:\Mud\simauria\cambiar\cloaca\cloaca10.c <-- silvia /d/kha-annu/comun/habitacion/kha-annu/castillo/cloaca cloaca10.c
100.09.24 11:02 B C:\Mud\simauria\cambiar\cloaca\cloaca12.c <-- silvia /d/kha-annu/comun/habitacion/kha-annu/castillo/cloaca cloaca12.c
100.09.24 11:02 B C:\Mud\simauria\cambiar\cloaca\cloaca14.c <-- silvia /d/kha-annu/comun/habitacion/kha-annu/castillo/cloaca cloaca14.c
100.09.24 11:02 B C:\Mud\simauria\cambiar\cloaca\cloaca2.c <-- silvia /d/kha-annu/comun/habitacion/kha-annu/castillo/cloaca cloaca2.c
100.09.24 11:03 B C:\Mud\simauria\cambiar\cloaca\cloaca20.c <-- silvia /d/kha-annu/comun/habitacion/kha-annu/castillo/cloaca cloaca20.c
100.09.24 11:03 B C:\Mud\simauria\cambiar\cloaca\cloaca21.c <-- silvia /d/kha-annu/comun/habitacion/kha-annu/castillo/cloaca cloaca21.c
100.09.24 11:03 B C:\Mud\simauria\cambiar\cloaca\cloaca22.c <-- silvia /d/kha-annu/comun/habitacion/kha-annu/castillo/cloaca cloaca22.c
100.09.24 11:03 B C:\Mud\simauria\cambiar\cloaca\cloaca23.c <-- silvia /d/kha-annu/comun/habitacion/kha-annu/castillo/cloaca cloaca23.c
100.09.24 11:03 B C:\Mud\simauria\cambiar\cloaca\cloaca24.c <-- silvia /d/kha-annu/comun/habitacion/kha-annu/castillo/cloaca cloaca24.c
100.09.24 11:03 B C:\Mud\simauria\cambiar\cloaca\cloaca25.c <-- silvia /d/kha-annu/comun/habitacion/kha-annu/castillo/cloaca cloaca25.c
100.09.24 11:03 B C:\Mud\simauria\cambiar\cloaca\cloaca26.c <-- silvia /d/kha-annu/comun/habitacion/kha-annu/castillo/cloaca cloaca26.c
100.09.24 11:03 B C:\Mud\simauria\cambiar\cloaca\cloaca27.c <-- silvia /d/kha-annu/comun/habitacion/kha-annu/castillo/cloaca cloaca27.c
100.09.24 11:03 B C:\Mud\simauria\cambiar\cloaca\cloaca3.c <-- silvia /d/kha-annu/comun/habitacion/kha-annu/castillo/cloaca cloaca3.c
100.09.24 11:03 B C:\Mud\simauria\cambiar\cloaca\cloaca4.c <-- silvia /d/kha-annu/comun/habitacion/kha-annu/castillo/cloaca cloaca4.c
100.09.24 11:03 B C:\Mud\simauria\cambiar\cloaca\cloaca5.c <-- silvia /d/kha-annu/comun/habitacion/kha-annu/castillo/cloaca cloaca5.c
100.09.24 11:03 B C:\Mud\simauria\cambiar\cloaca\cloaca6.c <-- silvia /d/kha-annu/comun/habitacion/kha-annu/castillo/cloaca cloaca6.c
100.09.24 11:03 B C:\Mud\simauria\cambiar\cloaca\cloaca7.c <-- silvia /d/kha-annu/comun/habitacion/kha-annu/castillo/cloaca cloaca7.c
100.09.24 11:03 B C:\Mud\simauria\cambiar\cloaca\cloaca8.c <-- silvia /d/kha-annu/comun/habitacion/kha-annu/castillo/cloaca cloaca8.c
100.09.24 11:03 B C:\Mud\simauria\cambiar\cloaca\cloaca9.c <-- silvia /d/kha-annu/comun/habitacion/kha-annu/castillo/cloaca cloaca9.c
100.09.24 11:03 B C:\Mud\simauria\cambiar\cloaca\darts.h <-- silvia /d/kha-annu/comun/habitacion/kha-annu/castillo/cloaca darts.h
100.09.24 11:03 B C:\Mud\simauria\cambiar\cloaca\path.h <-- silvia /d/kha-annu/comun/habitacion/kha-annu/castillo/cloaca path.h
100.09.24 11:03 B C:\Mud\simauria\cambiar\cloaca\sticks.h <-- silvia /d/kha-annu/comun/habitacion/kha-annu/castillo/cloaca sticks.h
100.09.24 11:03 B C:\Mud\simauria\cambiar\cloaca\stink.h <-- silvia /d/kha-annu/comun/habitacion/kha-annu/castillo/cloaca stink.h
100.09.26 20:28 B C:\Mud\simauria\cambiar\cloaca\cloaca.map --> silvia.rec.upv.es /d/kha-annu/comun/habitacion/kha-annu/castillo/cloaca cloaca.map
100.09.26 20:28 B C:\Mud\simauria\cambiar\cloaca\cloaca1.c --> silvia.rec.upv.es /d/kha-annu/comun/habitacion/kha-annu/castillo/cloaca cloaca1.c
100.09.26 20:28 B C:\Mud\simauria\cambiar\cloaca\cloaca10.c --> silvia.rec.upv.es /d/kha-annu/comun/habitacion/kha-annu/castillo/cloaca cloaca10.c
100.09.26 20:28 B C:\Mud\simauria\cambiar\cloaca\cloaca12.c --> silvia.rec.upv.es /d/kha-annu/comun/habitacion/kha-annu/castillo/cloaca cloaca12.c
100.09.26 20:28 B C:\Mud\simauria\cambiar\cloaca\cloaca14.c --> silvia.rec.upv.es /d/kha-annu/comun/habitacion/kha-annu/castillo/cloaca cloaca14.c
100.09.26 20:28 B C:\Mud\simauria\cambiar\cloaca\cloaca2.c --> silvia.rec.upv.es /d/kha-annu/comun/habitacion/kha-annu/castillo/cloaca cloaca2.c
100.09.26 20:28 B C:\Mud\simauria\cambiar\cloaca\cloaca20.c --> silvia.rec.upv.es /d/kha-annu/comun/habitacion/kha-annu/castillo/cloaca cloaca20.c
100.09.26 20:28 B C:\Mud\simauria\cambiar\cloaca\cloaca21.c --> silvia.rec.upv.es /d/kha-annu/comun/habitacion/kha-annu/castillo/cloaca cloaca21.c
100.09.26 20:28 B C:\Mud\simauria\cambiar\cloaca\cloaca22.c --> silvia.rec.upv.es /d/kha-annu/comun/habitacion/kha-annu/castillo/cloaca cloaca22.c
100.09.26 20:28 B C:\Mud\simauria\cambiar\cloaca\cloaca22.c.bak --> silvia.rec.upv.es /d/kha-annu/comun/habitacion/kha-annu/castillo/cloaca cloaca22.c.bak
100.09.26 20:28 B C:\Mud\simauria\cambiar\cloaca\cloaca23.c --> silvia.rec.upv.es /d/kha-annu/comun/habitacion/kha-annu/castillo/cloaca cloaca23.c
100.09.26 20:28 B C:\Mud\simauria\cambiar\cloaca\cloaca23.c.bak --> silvia.rec.upv.es /d/kha-annu/comun/habitacion/kha-annu/castillo/cloaca cloaca23.c.bak
100.09.26 20:28 B C:\Mud\simauria\cambiar\cloaca\cloaca24.c --> silvia.rec.upv.es /d/kha-annu/comun/habitacion/kha-annu/castillo/cloaca cloaca24.c
100.09.26 20:29 B C:\Mud\simauria\cambiar\cloaca\cloaca24.c.bak --> silvia.rec.upv.es /d/kha-annu/comun/habitacion/kha-annu/castillo/cloaca cloaca24.c.bak
100.09.26 20:29 B C:\Mud\simauria\cambiar\cloaca\cloaca25.c --> silvia.rec.upv.es /d/kha-annu/comun/habitacion/kha-annu/castillo/cloaca cloaca25.c
100.09.26 20:29 B C:\Mud\simauria\cambiar\cloaca\cloaca25.c.bak --> silvia.rec.upv.es /d/kha-annu/comun/habitacion/kha-annu/castillo/cloaca cloaca25.c.bak
100.09.26 20:29 B C:\Mud\simauria\cambiar\cloaca\cloaca26.c --> silvia.rec.upv.es /d/kha-annu/comun/habitacion/kha-annu/castillo/cloaca cloaca26.c
100.09.26 20:29 B C:\Mud\simauria\cambiar\cloaca\cloaca26.c.bak --> silvia.rec.upv.es /d/kha-annu/comun/habitacion/kha-annu/castillo/cloaca cloaca26.c.bak
100.09.26 20:29 B C:\Mud\simauria\cambiar\cloaca\cloaca27.c --> silvia.rec.upv.es /d/kha-annu/comun/habitacion/kha-annu/castillo/cloaca cloaca27.c
100.09.26 20:29 B C:\Mud\simauria\cambiar\cloaca\cloaca27.c.bak --> silvia.rec.upv.es /d/kha-annu/comun/habitacion/kha-annu/castillo/cloaca cloaca27.c.bak
100.09.26 20:29 B C:\Mud\simauria\cambiar\cloaca\cloaca3.c --> silvia.rec.upv.es /d/kha-annu/comun/habitacion/kha-annu/castillo/cloaca cloaca3.c
100.09.26 20:29 B C:\Mud\simauria\cambiar\cloaca\cloaca4.c --> silvia.rec.upv.es /d/kha-annu/comun/habitacion/kha-annu/castillo/cloaca cloaca4.c
100.09.26 20:29 B C:\Mud\simauria\cambiar\cloaca\cloaca5.c --> silvia.rec.upv.es /d/kha-annu/comun/habitacion/kha-annu/castillo/cloaca cloaca5.c
100.09.26 20:29 B C:\Mud\simauria\cambiar\cloaca\cloaca6.c --> silvia.rec.upv.es /d/kha-annu/comun/habitacion/kha-annu/castillo/cloaca cloaca6.c
100.09.26 20:29 B C:\Mud\simauria\cambiar\cloaca\cloaca7.c --> silvia.rec.upv.es /d/kha-annu/comun/habitacion/kha-annu/castillo/cloaca cloaca7.c
100.09.26 20:29 B C:\Mud\simauria\cambiar\cloaca\cloaca8.c --> silvia.rec.upv.es /d/kha-annu/comun/habitacion/kha-annu/castillo/cloaca cloaca8.c
100.09.26 20:29 B C:\Mud\simauria\cambiar\cloaca\cloaca9.c --> silvia.rec.upv.es /d/kha-annu/comun/habitacion/kha-annu/castillo/cloaca cloaca9.c
100.09.26 20:29 B C:\Mud\simauria\cambiar\cloaca\Copia de cloaca22.c.bak --> silvia.rec.upv.es /d/kha-annu/comun/habitacion/kha-annu/castillo/cloaca Copia de cloaca22.c.bak
100.09.26 20:29 B C:\Mud\simauria\cambiar\cloaca\Copia de cloaca23.c.bak --> silvia.rec.upv.es /d/kha-annu/comun/habitacion/kha-annu/castillo/cloaca Copia de cloaca23.c.bak
100.09.26 20:29 B C:\Mud\simauria\cambiar\cloaca\Copia de cloaca24.c.bak --> silvia.rec.upv.es /d/kha-annu/comun/habitacion/kha-annu/castillo/cloaca Copia de cloaca24.c.bak
100.09.26 20:29 B C:\Mud\simauria\cambiar\cloaca\Copia de cloaca25.c.bak --> silvia.rec.upv.es /d/kha-annu/comun/habitacion/kha-annu/castillo/cloaca Copia de cloaca25.c.bak
100.09.26 20:29 B C:\Mud\simauria\cambiar\cloaca\Copia de cloaca26.c.bak --> silvia.rec.upv.es /d/kha-annu/comun/habitacion/kha-annu/castillo/cloaca Copia de cloaca26.c.bak
100.09.26 20:29 B C:\Mud\simauria\cambiar\cloaca\Copia de cloaca27.c.bak --> silvia.rec.upv.es /d/kha-annu/comun/habitacion/kha-annu/castillo/cloaca Copia de cloaca27.c.bak
100.09.26 20:30 B C:\Mud\simauria\cambiar\cloaca\darts.h --> silvia.rec.upv.es /d/kha-annu/comun/habitacion/kha-annu/castillo/cloaca darts.h
100.09.26 20:30 B C:\Mud\simauria\cambiar\cloaca\path.h --> silvia.rec.upv.es /d/kha-annu/comun/habitacion/kha-annu/castillo/cloaca path.h
100.09.26 20:30 B C:\Mud\simauria\cambiar\cloaca\sticks.h --> silvia.rec.upv.es /d/kha-annu/comun/habitacion/kha-annu/castillo/cloaca sticks.h
100.09.26 20:30 B C:\Mud\simauria\cambiar\cloaca\stink.h --> silvia.rec.upv.es /d/kha-annu/comun/habitacion/kha-annu/castillo/cloaca stink.h
