"Fri Mar 02 12:12:44 2012": "Galadhil" sale por estar idle 1958 segundos.
"Fri Mar 02 18:41:54 2012": "Galadhil" sale por estar idle 2004 segundos.
"Sat Mar 03 22:32:43 2012": "Galadhil" sale por estar idle 2234 segundos.
"Thu Apr 19 15:45:27 2012": "Shani" sale por estar idle 1802 segundos.
"Sun Oct 07 21:59:35 2012": "Galadhil" sale por estar idle 1802 segundos.
"Sun Oct 07 22:02:15 2012": "Gildor" sale por estar idle 1802 segundos.
"Thu Nov 01 12:52:32 2012": "Peque" sale por estar idle 2085 segundos.
"Thu Nov 01 13:28:42 2012": "Peque" sale por estar idle 1850 segundos.
"Thu Mar 07 16:36:39 2013": "Gimli" sale por estar idle 1857 segundos.
"Sat Apr 06 08:21:36 2013": "Doryn" sale por estar idle 2176 segundos.
"Sun Apr 07 15:18:11 2013": "Galadhil" sale por estar idle 2426 segundos.
"Fri Jun 14 18:40:23 2013": "Galadhil" sale por estar idle 2314 segundos.
"Sun Jun 16 18:33:47 2013": "Galadhil" sale por estar idle 2048 segundos.
"Sat Jun 29 13:38:42 2013": "Gimli" sale por estar idle 1802 segundos.
"Sun Sep 01 06:48:39 2013": "Arandil" sale por estar idle 1802 segundos.
"Sun Sep 01 08:24:59 2013": "Arandil" sale por estar idle 1802 segundos.
"Sun Sep 22 16:11:57 2013": "Buh" sale por estar idle 2481 segundos.
"Tue Jul 22 05:13:16 2014": "Frodo" sale por estar idle 2102 segundos.
"Sun Jul 27 07:27:33 2014": "Frodo" sale por estar idle 2765 segundos.
"Sun Aug 03 07:46:07 2014": "Goyum" sale por estar idle 2106 segundos.
"Sun Aug 17 17:20:08 2014": "Doryn" sale por estar idle 1802 segundos.
"Sun Sep 07 19:39:59 2014": "Doryn" sale por estar idle 1802 segundos.
"Thu Oct 09 08:59:37 2014": "Arandil" sale por estar idle 2100 segundos.
"Thu Oct 09 11:20:15 2014": "Arandil" sale por estar idle 2098 segundos.
"Thu Oct 09 14:33:30 2014": "Arandil" sale por estar idle 2106 segundos.
"Thu Oct 09 15:20:07 2014": "Arandil" sale por estar idle 2106 segundos.
"Tue Dec 16 14:57:54 2014": "Arandil" sale por estar idle 2106 segundos.
