[BUG ] (Jan 25) khelben    : hoalaaaa
[BUG ] (Apr  8) elcom      : 
[IDEA] (Apr  8) elcom      : 
[BUG ] (Apr 21) lexter     : al poner magia 'luz cegadora' contra lokesea me dice: Noo puedes ahcer este tipo de magia
[BUG ] (Apr 23) mcbeal     : 
[IDEA] (Apr 23) mcbeal     : 
[IDEA] (May 18) khala      : 
[IDEA] (Jun  4) playable   : kame
[IDEA] (Jun  4) playable   : potagia
[BUG ] (Jun  7) cajun      : cuando sacas la ayuda de bagia te sale generrardb cuando tendria q salir generarbd, no?
[IDEA] (Jun  8) makko      : ira divina, todo en un radio destruido por un torrente de luz que cae del cielo
[IDEA] (Jun  8) elcom      : 
[IDEA] (Nov  3) adan       : 
[IDEA] (Nov 10) borja      : pau
[IDEA] (Nov 16) borja      : 
[IDEA] (Nov 16) borja      : por que coño no se hace de dia
[IDEA] (Nov 19) schezar    : 
[IDEA] (Dec  2) anmna      : 
[IDEA] (Mar  6) fingor     : 
[IDEA] (Mar 29) daneel     : estaria bien que las abejas no atacaran a los familiares
[IDEA] (May 19) suleiman   : 
[IDEA] (May 22) alba       : 
[IDEA] (Jun 13) krayten    : Se me ha ocurrido que igual que esta el conjuro de hogaza de pan puede haber otro que sea hacer que brote agua de una piedra por ej..., no se..., las famos piedras rojas convertilas en cristal rojo que contenga agua y que se pueda beber de ella rompiendo una de las puntas o picos que pueda tener... (Krayten)
[IDEA] (Jul 24) fara       : 
[IDEA] (Oct  1) kraneck    : 
[IDEA] (Oct  1) kraneck    : Oid, Y un sitio donde guardar objetos?
[IDEA] (Oct  7) atelis     : 
[IDEA] (Oct 23) pesa       : 
[IDEA] (Oct 23) shaihulud  : 
[BUG ] (Oct 31) burner     : 
[BUG ] (Oct 31) burner     : 'beber jarabe'
[BUG ] (Oct 31) burner     : 'beber jarabe de curacion'
[IDEA] (Nov 18) ilwyn      : 
[IDEA] (Nov 18) ilwyn      : 
[IDEA] (Dec 16) kosar      : 
[BUG ] (Feb 24) devil      : 
[BUG ] (Mar  6) maler      : 
[BUG ] (Mar  6) maler      : 
[IDEA] (Apr  4) esgaroth   : 
[IDEA] (May 18) manowar    : 
[IDEA] (Jun 14) etrigan    : enjambre
[BUG ] (Jul 18) sorcerer   : 
[IDEA] (Jul 18) sorcerer   : 
[IDEA] (Jul 19) eidolus    : 
[IDEA] (Jan 16) aladain    : 
[IDEA] (Mar  4) neoz       : 
[IDEA] (Apr 13) velenger   : 
[IDEA] (Apr 25) ferry      : 
[BUG ] (May 18) thehunter  : en el conjuro frio intenso, se supone que el enemigo se paraliza por completo, pero los conjus de cored pueden conjurar?!?!?!!!!?????
[IDEA] (Jun  4) zonker     : 
[IDEA] (Jun  4) zonker     : 
[IDEA] (Jun  4) dump       : 
[IDEA] (Jun 25) rampa      : 
[IDEA] (Jul 17) thehunter  : la espada sagrada podría usar pelea con dagas, digo yo para que sea un poco mas efectiva :P
[IDEA] (Jul 19) blaise     : 
[IDEA] (Jul 19) blaise     : 
[IDEA] (Nov 18) superrata  : 
[IDEA] (Dec  7) perman     : 
[IDEA] (Jan 15) zarkon     : 
[IDEA] (Jan 20) darco      : 
[IDEA] (May 31) ximun      : 
[BUG ] (Jul 05) kaltef     : 
[BUG ] (Sep 18) kalti      : 
